0 info it worked if it ends with ok
1 verbose cli [ '/Users/lauragroetzinger/.nvm/versions/node/v6.4.0/bin/node',
1 verbose cli   '/Users/lauragroetzinger/.nvm/versions/node/v6.4.0/bin/npm',
1 verbose cli   'run',
1 verbose cli   'publish' ]
2 info using npm@3.10.3
3 info using node@v6.4.0
4 verbose run-script [ 'prepublish', 'publish', 'postpublish' ]
5 info lifecycle lgroetzi.github.io@1.0.0~prepublish: lgroetzi.github.io@1.0.0
6 verbose lifecycle lgroetzi.github.io@1.0.0~prepublish: unsafe-perm in lifecycle true
7 verbose lifecycle lgroetzi.github.io@1.0.0~prepublish: PATH: /Users/lauragroetzinger/.nvm/versions/node/v6.4.0/lib/node_modules/npm/bin/node-gyp-bin:/Users/lauragroetzinger/Development/lgroetzi.github.io/src/node_modules/.bin:/Users/lauragroetzinger/.nvm/versions/node/v6.4.0/bin:/Users/lauragroetzinger/.pyenv/shims:/Users/lauragroetzinger/.nvm/versions/node/v6.4.0/bin:/usr/local/bin:/usr/bin:/bin:/usr/sbin:/sbin:/Users/lauragroetzinger/Library/Python/2.7/bin
8 verbose lifecycle lgroetzi.github.io@1.0.0~prepublish: CWD: /Users/lauragroetzinger/Development/lgroetzi.github.io/src
9 silly lifecycle lgroetzi.github.io@1.0.0~prepublish: Args: [ '-c', 'npm run export' ]
10 silly lifecycle lgroetzi.github.io@1.0.0~prepublish: Returned: code: 1  signal: null
11 info lifecycle lgroetzi.github.io@1.0.0~prepublish: Failed to exec prepublish script
12 verbose stack Error: lgroetzi.github.io@1.0.0 prepublish: `npm run export`
12 verbose stack Exit status 1
12 verbose stack     at EventEmitter.<anonymous> (/Users/lauragroetzinger/.nvm/versions/node/v6.4.0/lib/node_modules/npm/lib/utils/lifecycle.js:242:16)
12 verbose stack     at emitTwo (events.js:106:13)
12 verbose stack     at EventEmitter.emit (events.js:191:7)
12 verbose stack     at ChildProcess.<anonymous> (/Users/lauragroetzinger/.nvm/versions/node/v6.4.0/lib/node_modules/npm/lib/utils/spawn.js:40:14)
12 verbose stack     at emitTwo (events.js:106:13)
12 verbose stack     at ChildProcess.emit (events.js:191:7)
12 verbose stack     at maybeClose (internal/child_process.js:852:16)
12 verbose stack     at Process.ChildProcess._handle.onexit (internal/child_process.js:215:5)
13 verbose pkgid lgroetzi.github.io@1.0.0
14 verbose cwd /Users/lauragroetzinger/Development/lgroetzi.github.io/src
15 error Darwin 17.7.0
16 error argv "/Users/lauragroetzinger/.nvm/versions/node/v6.4.0/bin/node" "/Users/lauragroetzinger/.nvm/versions/node/v6.4.0/bin/npm" "run" "publish"
17 error node v6.4.0
18 error npm  v3.10.3
19 error code ELIFECYCLE
20 error lgroetzi.github.io@1.0.0 prepublish: `npm run export`
20 error Exit status 1
21 error Failed at the lgroetzi.github.io@1.0.0 prepublish script 'npm run export'.
21 error Make sure you have the latest version of node.js and npm installed.
21 error If you do, this is most likely a problem with the lgroetzi.github.io package,
21 error not with npm itself.
21 error Tell the author that this fails on your system:
21 error     npm run export
21 error You can get information on how to open an issue for this project with:
21 error     npm bugs lgroetzi.github.io
21 error Or if that isn't available, you can get their info via:
21 error     npm owner ls lgroetzi.github.io
21 error There is likely additional logging output above.
22 verbose exit [ 1, true ]
